# JRE version: OpenJDK Runtime Environment (8.0_222-b10) (build 1.8.0_222-8u222-b10-1ubuntu1~19.04.1-b10)
# Java VM: OpenJDK 64-Bit Server VM (25.222-b10 mixed mode linux-amd64 compressed oops)
Heap:
 def new generation   total 23424K, used 13993K [0x00000000b4600000, 0x00000000b5f60000, 0x00000000cd950000)
  eden space 20864K,  55% used [0x00000000b4600000, 0x00000000b5146888, 0x00000000b5a60000)
  from space 2560K,  95% used [0x00000000b5a60000, 0x00000000b5cc3d80, 0x00000000b5ce0000)
  to   space 2560K,   0% used [0x00000000b5ce0000, 0x00000000b5ce0000, 0x00000000b5f60000)
 tenured generation   total 51904K, used 13359K [0x00000000cd950000, 0x00000000d0c00000, 0x0000000100000000)
   the space 51904K,  25% used [0x00000000cd950000, 0x00000000ce65bc48, 0x00000000ce65be00, 0x00000000d0c00000)
 Metaspace       used 27362K, capacity 27636K, committed 28032K, reserved 1073152K
  class space    used 3461K, capacity 3586K, committed 3712K, reserved 1048576K
GC Heap History (10 events):
Event: 2.221 GC heap before
{Heap before GC invocations=1 (full 0):
 def new generation   total 23360K, used 23360K [0x00000000b4600000, 0x00000000b5f50000, 0x00000000cd950000)
  eden space 20800K, 100% used [0x00000000b4600000, 0x00000000b5a50000, 0x00000000b5a50000)
  from space 2560K, 100% used [0x00000000b5cd0000, 0x00000000b5f50000, 0x00000000b5f50000)
  to   space 2560K,   0% used [0x00000000b5a50000, 0x00000000b5a50000, 0x00000000b5cd0000)
 tenured generation   total 51904K, used 2386K [0x00000000cd950000, 0x00000000d0c00000, 0x0000000100000000)
   the space 51904K,   4% used [0x00000000cd950000, 0x00000000cdba4a48, 0x00000000cdba4c00, 0x00000000d0c00000)
 Metaspace       used 15245K, capacity 15456K, committed 15488K, reserved 1062912K
  class space    used 1842K, capacity 1920K, committed 1920K, reserved 1048576K
Event: 2.242 GC heap after
Heap after GC invocations=2 (full 0):
 def new generation   total 23360K, used 2560K [0x00000000b4600000, 0x00000000b5f50000, 0x00000000cd950000)
  eden space 20800K,   0% used [0x00000000b4600000, 0x00000000b4600000, 0x00000000b5a50000)
  from space 2560K, 100% used [0x00000000b5a50000, 0x00000000b5cd0000, 0x00000000b5cd0000)
  to   space 2560K,   0% used [0x00000000b5cd0000, 0x00000000b5cd0000, 0x00000000b5f50000)
 tenured generation   total 51904K, used 5167K [0x00000000cd950000, 0x00000000d0c00000, 0x0000000100000000)
   the space 51904K,   9% used [0x00000000cd950000, 0x00000000cde5bc70, 0x00000000cde5be00, 0x00000000d0c00000)
 Metaspace       used 15245K, capacity 15456K, committed 15488K, reserved 1062912K
  class space    used 1842K, capacity 1920K, committed 1920K, reserved 1048576K
}
Event: 3.847 GC heap before
{Heap before GC invocations=2 (full 0):
 def new generation   total 23360K, used 23360K [0x00000000b4600000, 0x00000000b5f50000, 0x00000000cd950000)
  eden space 20800K, 100% used [0x00000000b4600000, 0x00000000b5a50000, 0x00000000b5a50000)
  from space 2560K, 100% used [0x00000000b5a50000, 0x00000000b5cd0000, 0x00000000b5cd0000)
  to   space 2560K,   0% used [0x00000000b5cd0000, 0x00000000b5cd0000, 0x00000000b5f50000)
 tenured generation   total 51904K, used 5167K [0x00000000cd950000, 0x00000000d0c00000, 0x0000000100000000)
   the space 51904K,   9% used [0x00000000cd950000, 0x00000000cde5bc70, 0x00000000cde5be00, 0x00000000d0c00000)
 Metaspace       used 18265K, capacity 18452K, committed 18688K, reserved 1064960K
  class space    used 2194K, capacity 2286K, committed 2304K, reserved 1048576K
Event: 3.891 GC heap after
Heap after GC invocations=3 (full 0):
 def new generation   total 23360K, used 2560K [0x00000000b4600000, 0x00000000b5f50000, 0x00000000cd950000)
  eden space 20800K,   0% used [0x00000000b4600000, 0x00000000b4600000, 0x00000000b5a50000)
  from space 2560K, 100% used [0x00000000b5cd0000, 0x00000000b5f50000, 0x00000000b5f50000)
  to   space 2560K,   0% used [0x00000000b5a50000, 0x00000000b5a50000, 0x00000000b5cd0000)
 tenured generation   total 51904K, used 8000K [0x00000000cd950000, 0x00000000d0c00000, 0x0000000100000000)
   the space 51904K,  15% used [0x00000000cd950000, 0x00000000ce1201d8, 0x00000000ce120200, 0x00000000d0c00000)
 Metaspace       used 18265K, capacity 18452K, committed 18688K, reserved 1064960K
  class space    used 2194K, capacity 2286K, committed 2304K, reserved 1048576K
}
Event: 5.336 GC heap before
{Heap before GC invocations=3 (full 0):
 def new generation   total 23360K, used 21944K [0x00000000b4600000, 0x00000000b5f50000, 0x00000000cd950000)
  eden space 20800K,  93% used [0x00000000b4600000, 0x00000000b58ee008, 0x00000000b5a50000)
  from space 2560K, 100% used [0x00000000b5cd0000, 0x00000000b5f50000, 0x00000000b5f50000)
  to   space 2560K,   0% used [0x00000000b5a50000, 0x00000000b5a50000, 0x00000000b5cd0000)
 tenured generation   total 51904K, used 8000K [0x00000000cd950000, 0x00000000d0c00000, 0x0000000100000000)
   the space 51904K,  15% used [0x00000000cd950000, 0x00000000ce1201d8, 0x00000000ce120200, 0x00000000d0c00000)
 Metaspace       used 20836K, capacity 21082K, committed 21296K, reserved 1069056K
  class space    used 2551K, capacity 2645K, committed 2688K, reserved 1048576K
Event: 5.475 GC heap after
Heap after GC invocations=4 (full 1):
 def new generation   total 23424K, used 0K [0x00000000b4600000, 0x00000000b5f60000, 0x00000000cd950000)
  eden space 20864K,   0% used [0x00000000b4600000, 0x00000000b4600000, 0x00000000b5a60000)
  from space 2560K,   0% used [0x00000000b5a60000, 0x00000000b5a60000, 0x00000000b5ce0000)
  to   space 2560K,   0% used [0x00000000b5ce0000, 0x00000000b5ce0000, 0x00000000b5f60000)
 tenured generation   total 51904K, used 10936K [0x00000000cd950000, 0x00000000d0c00000, 0x0000000100000000)
   the space 51904K,  21% used [0x00000000cd950000, 0x00000000ce3fe280, 0x00000000ce3fe400, 0x00000000d0c00000)
 Metaspace       used 20836K, capacity 21082K, committed 21296K, reserved 1069056K
  class space    used 2551K, capacity 2645K, committed 2688K, reserved 1048576K
}
Event: 6.860 GC heap before
{Heap before GC invocations=4 (full 1):
 def new generation   total 23424K, used 20864K [0x00000000b4600000, 0x00000000b5f60000, 0x00000000cd950000)
  eden space 20864K, 100% used [0x00000000b4600000, 0x00000000b5a60000, 0x00000000b5a60000)
  from space 2560K,   0% used [0x00000000b5a60000, 0x00000000b5a60000, 0x00000000b5ce0000)
  to   space 2560K,   0% used [0x00000000b5ce0000, 0x00000000b5ce0000, 0x00000000b5f60000)
 tenured generation   total 51904K, used 10936K [0x00000000cd950000, 0x00000000d0c00000, 0x0000000100000000)
   the space 51904K,  21% used [0x00000000cd950000, 0x00000000ce3fe280, 0x00000000ce3fe400, 0x00000000d0c00000)
 Metaspace       used 24036K, capacity 24326K, committed 24704K, reserved 1071104K
  class space    used 3021K, capacity 3129K, committed 3200K, reserved 1048576K
Event: 6.872 GC heap after
Heap after GC invocations=5 (full 1):
 def new generation   total 23424K, used 2560K [0x00000000b4600000, 0x00000000b5f60000, 0x00000000cd950000)
  eden space 20864K,   0% used [0x00000000b4600000, 0x00000000b4600000, 0x00000000b5a60000)
  from space 2560K, 100% used [0x00000000b5ce0000, 0x00000000b5f60000, 0x00000000b5f60000)
  to   space 2560K,   0% used [0x00000000b5a60000, 0x00000000b5a60000, 0x00000000b5ce0000)
 tenured generation   total 51904K, used 12281K [0x00000000cd950000, 0x00000000d0c00000, 0x0000000100000000)
   the space 51904K,  23% used [0x00000000cd950000, 0x00000000ce54e498, 0x00000000ce54e600, 0x00000000d0c00000)
 Metaspace       used 24036K, capacity 24326K, committed 24704K, reserved 1071104K
  class space    used 3021K, capacity 3129K, committed 3200K, reserved 1048576K
}
Event: 908.148 GC heap before
{Heap before GC invocations=5 (full 1):
 def new generation   total 23424K, used 23424K [0x00000000b4600000, 0x00000000b5f60000, 0x00000000cd950000)
  eden space 20864K, 100% used [0x00000000b4600000, 0x00000000b5a60000, 0x00000000b5a60000)
  from space 2560K, 100% used [0x00000000b5ce0000, 0x00000000b5f60000, 0x00000000b5f60000)
  to   space 2560K,   0% used [0x00000000b5a60000, 0x00000000b5a60000, 0x00000000b5ce0000)
 tenured generation   total 51904K, used 12281K [0x00000000cd950000, 0x00000000d0c00000, 0x0000000100000000)
   the space 51904K,  23% used [0x00000000cd950000, 0x00000000ce54e498, 0x00000000ce54e600, 0x00000000d0c00000)
 Metaspace       used 25793K, capacity 26128K, committed 26496K, reserved 1073152K
  class space    used 3259K, capacity 3360K, committed 3456K, reserved 1048576K
Event: 908.205 GC heap after
Heap after GC invocations=6 (full 1):
 def new generation   total 23424K, used 2447K [0x00000000b4600000, 0x00000000b5f60000, 0x00000000cd950000)
  eden space 20864K,   0% used [0x00000000b4600000, 0x00000000b4600000, 0x00000000b5a60000)
  from space 2560K,  95% used [0x00000000b5a60000, 0x00000000b5cc3d80, 0x00000000b5ce0000)
  to   space 2560K,   0% used [0x00000000b5ce0000, 0x00000000b5ce0000, 0x00000000b5f60000)
 tenured generation   total 51904K, used 13359K [0x00000000cd950000, 0x00000000d0c00000, 0x0000000100000000)
   the space 51904K,  25% used [0x00000000cd950000, 0x00000000ce65bc48, 0x00000000ce65be00, 0x00000000d0c00000)
 Metaspace       used 25793K, capacity 26128K, committed 26496K, reserved 1073152K
  class space    used 3259K, capacity 3360K, committed 3456K, reserved 1048576K
}

