# JRE version: OpenJDK Runtime Environment (8.0_222-b10) (build 1.8.0_222-8u222-b10-1ubuntu1~19.04.1-b10)
# Java VM: OpenJDK 64-Bit Server VM (25.222-b10 mixed mode linux-amd64 compressed oops)
Heap:
 def new generation   total 23424K, used 11022K [0x00000000b4600000, 0x00000000b5f60000, 0x00000000cd950000)
  eden space 20864K,  40% used [0x00000000b4600000, 0x00000000b4e43a38, 0x00000000b5a60000)
  from space 2560K, 100% used [0x00000000b5a60000, 0x00000000b5ce0000, 0x00000000b5ce0000)
  to   space 2560K,   0% used [0x00000000b5ce0000, 0x00000000b5ce0000, 0x00000000b5f60000)
 tenured generation   total 51904K, used 13926K [0x00000000cd950000, 0x00000000d0c00000, 0x0000000100000000)
   the space 51904K,  26% used [0x00000000cd950000, 0x00000000ce6e9878, 0x00000000ce6e9a00, 0x00000000d0c00000)
 Metaspace       used 27332K, capacity 27598K, committed 27904K, reserved 1073152K
  class space    used 3454K, capacity 3553K, committed 3584K, reserved 1048576K
GC Heap History (10 events):
Event: 3.259 GC heap before
{Heap before GC invocations=1 (full 0):
 def new generation   total 23360K, used 23360K [0x00000000b4600000, 0x00000000b5f50000, 0x00000000cd950000)
  eden space 20800K, 100% used [0x00000000b4600000, 0x00000000b5a50000, 0x00000000b5a50000)
  from space 2560K, 100% used [0x00000000b5cd0000, 0x00000000b5f50000, 0x00000000b5f50000)
  to   space 2560K,   0% used [0x00000000b5a50000, 0x00000000b5a50000, 0x00000000b5cd0000)
 tenured generation   total 51904K, used 2386K [0x00000000cd950000, 0x00000000d0c00000, 0x0000000100000000)
   the space 51904K,   4% used [0x00000000cd950000, 0x00000000cdba4b10, 0x00000000cdba4c00, 0x00000000d0c00000)
 Metaspace       used 15262K, capacity 15456K, committed 15488K, reserved 1062912K
  class space    used 1842K, capacity 1920K, committed 1920K, reserved 1048576K
Event: 3.279 GC heap after
Heap after GC invocations=2 (full 0):
 def new generation   total 23360K, used 2560K [0x00000000b4600000, 0x00000000b5f50000, 0x00000000cd950000)
  eden space 20800K,   0% used [0x00000000b4600000, 0x00000000b4600000, 0x00000000b5a50000)
  from space 2560K, 100% used [0x00000000b5a50000, 0x00000000b5cd0000, 0x00000000b5cd0000)
  to   space 2560K,   0% used [0x00000000b5cd0000, 0x00000000b5cd0000, 0x00000000b5f50000)
 tenured generation   total 51904K, used 5153K [0x00000000cd950000, 0x00000000d0c00000, 0x0000000100000000)
   the space 51904K,   9% used [0x00000000cd950000, 0x00000000cde584a0, 0x00000000cde58600, 0x00000000d0c00000)
 Metaspace       used 15262K, capacity 15456K, committed 15488K, reserved 1062912K
  class space    used 1842K, capacity 1920K, committed 1920K, reserved 1048576K
}
Event: 4.922 GC heap before
{Heap before GC invocations=2 (full 0):
 def new generation   total 23360K, used 23360K [0x00000000b4600000, 0x00000000b5f50000, 0x00000000cd950000)
  eden space 20800K, 100% used [0x00000000b4600000, 0x00000000b5a50000, 0x00000000b5a50000)
  from space 2560K, 100% used [0x00000000b5a50000, 0x00000000b5cd0000, 0x00000000b5cd0000)
  to   space 2560K,   0% used [0x00000000b5cd0000, 0x00000000b5cd0000, 0x00000000b5f50000)
 tenured generation   total 51904K, used 5153K [0x00000000cd950000, 0x00000000d0c00000, 0x0000000100000000)
   the space 51904K,   9% used [0x00000000cd950000, 0x00000000cde584a0, 0x00000000cde58600, 0x00000000d0c00000)
 Metaspace       used 18289K, capacity 18580K, committed 18688K, reserved 1064960K
  class space    used 2195K, capacity 2286K, committed 2304K, reserved 1048576K
Event: 4.965 GC heap after
Heap after GC invocations=3 (full 0):
 def new generation   total 23360K, used 2559K [0x00000000b4600000, 0x00000000b5f50000, 0x00000000cd950000)
  eden space 20800K,   0% used [0x00000000b4600000, 0x00000000b4600000, 0x00000000b5a50000)
  from space 2560K,  99% used [0x00000000b5cd0000, 0x00000000b5f4fff8, 0x00000000b5f50000)
  to   space 2560K,   0% used [0x00000000b5a50000, 0x00000000b5a50000, 0x00000000b5cd0000)
 tenured generation   total 51904K, used 7984K [0x00000000cd950000, 0x00000000d0c00000, 0x0000000100000000)
   the space 51904K,  15% used [0x00000000cd950000, 0x00000000ce11c1f8, 0x00000000ce11c200, 0x00000000d0c00000)
 Metaspace       used 18289K, capacity 18580K, committed 18688K, reserved 1064960K
  class space    used 2195K, capacity 2286K, committed 2304K, reserved 1048576K
}
Event: 6.099 GC heap before
{Heap before GC invocations=3 (full 0):
 def new generation   total 23360K, used 21914K [0x00000000b4600000, 0x00000000b5f50000, 0x00000000cd950000)
  eden space 20800K,  93% used [0x00000000b4600000, 0x00000000b58e6920, 0x00000000b5a50000)
  from space 2560K,  99% used [0x00000000b5cd0000, 0x00000000b5f4fff8, 0x00000000b5f50000)
  to   space 2560K,   0% used [0x00000000b5a50000, 0x00000000b5a50000, 0x00000000b5cd0000)
 tenured generation   total 51904K, used 7984K [0x00000000cd950000, 0x00000000d0c00000, 0x0000000100000000)
   the space 51904K,  15% used [0x00000000cd950000, 0x00000000ce11c1f8, 0x00000000ce11c200, 0x00000000d0c00000)
 Metaspace       used 20839K, capacity 21082K, committed 21296K, reserved 1069056K
  class space    used 2551K, capacity 2645K, committed 2688K, reserved 1048576K
Event: 6.200 GC heap after
Heap after GC invocations=4 (full 1):
 def new generation   total 23424K, used 0K [0x00000000b4600000, 0x00000000b5f60000, 0x00000000cd950000)
  eden space 20864K,   0% used [0x00000000b4600000, 0x00000000b4600000, 0x00000000b5a60000)
  from space 2560K,   0% used [0x00000000b5a60000, 0x00000000b5a60000, 0x00000000b5ce0000)
  to   space 2560K,   0% used [0x00000000b5ce0000, 0x00000000b5ce0000, 0x00000000b5f60000)
 tenured generation   total 51904K, used 10897K [0x00000000cd950000, 0x00000000d0c00000, 0x0000000100000000)
   the space 51904K,  20% used [0x00000000cd950000, 0x00000000ce3f4730, 0x00000000ce3f4800, 0x00000000d0c00000)
 Metaspace       used 20839K, capacity 21082K, committed 21296K, reserved 1069056K
  class space    used 2551K, capacity 2645K, committed 2688K, reserved 1048576K
}
Event: 7.501 GC heap before
{Heap before GC invocations=4 (full 1):
 def new generation   total 23424K, used 20864K [0x00000000b4600000, 0x00000000b5f60000, 0x00000000cd950000)
  eden space 20864K, 100% used [0x00000000b4600000, 0x00000000b5a60000, 0x00000000b5a60000)
  from space 2560K,   0% used [0x00000000b5a60000, 0x00000000b5a60000, 0x00000000b5ce0000)
  to   space 2560K,   0% used [0x00000000b5ce0000, 0x00000000b5ce0000, 0x00000000b5f60000)
 tenured generation   total 51904K, used 10897K [0x00000000cd950000, 0x00000000d0c00000, 0x0000000100000000)
   the space 51904K,  20% used [0x00000000cd950000, 0x00000000ce3f4730, 0x00000000ce3f4800, 0x00000000d0c00000)
 Metaspace       used 24042K, capacity 24326K, committed 24704K, reserved 1071104K
  class space    used 3019K, capacity 3129K, committed 3200K, reserved 1048576K
Event: 7.517 GC heap after
Heap after GC invocations=5 (full 1):
 def new generation   total 23424K, used 2559K [0x00000000b4600000, 0x00000000b5f60000, 0x00000000cd950000)
  eden space 20864K,   0% used [0x00000000b4600000, 0x00000000b4600000, 0x00000000b5a60000)
  from space 2560K,  99% used [0x00000000b5ce0000, 0x00000000b5f5fff8, 0x00000000b5f60000)
  to   space 2560K,   0% used [0x00000000b5a60000, 0x00000000b5a60000, 0x00000000b5ce0000)
 tenured generation   total 51904K, used 12253K [0x00000000cd950000, 0x00000000d0c00000, 0x0000000100000000)
   the space 51904K,  23% used [0x00000000cd950000, 0x00000000ce547500, 0x00000000ce547600, 0x00000000d0c00000)
 Metaspace       used 24042K, capacity 24326K, committed 24704K, reserved 1071104K
  class space    used 3019K, capacity 3129K, committed 3200K, reserved 1048576K
}
Event: 27.982 GC heap before
{Heap before GC invocations=5 (full 1):
 def new generation   total 23424K, used 23423K [0x00000000b4600000, 0x00000000b5f60000, 0x00000000cd950000)
  eden space 20864K, 100% used [0x00000000b4600000, 0x00000000b5a60000, 0x00000000b5a60000)
  from space 2560K,  99% used [0x00000000b5ce0000, 0x00000000b5f5fff8, 0x00000000b5f60000)
  to   space 2560K,   0% used [0x00000000b5a60000, 0x00000000b5a60000, 0x00000000b5ce0000)
 tenured generation   total 51904K, used 12253K [0x00000000cd950000, 0x00000000d0c00000, 0x0000000100000000)
   the space 51904K,  23% used [0x00000000cd950000, 0x00000000ce547500, 0x00000000ce547600, 0x00000000d0c00000)
 Metaspace       used 26463K, capacity 26766K, committed 27264K, reserved 1073152K
  class space    used 3336K, capacity 3425K, committed 3456K, reserved 1048576K
Event: 27.995 GC heap after
Heap after GC invocations=6 (full 1):
 def new generation   total 23424K, used 2560K [0x00000000b4600000, 0x00000000b5f60000, 0x00000000cd950000)
  eden space 20864K,   0% used [0x00000000b4600000, 0x00000000b4600000, 0x00000000b5a60000)
  from space 2560K, 100% used [0x00000000b5a60000, 0x00000000b5ce0000, 0x00000000b5ce0000)
  to   space 2560K,   0% used [0x00000000b5ce0000, 0x00000000b5ce0000, 0x00000000b5f60000)
 tenured generation   total 51904K, used 13926K [0x00000000cd950000, 0x00000000d0c00000, 0x0000000100000000)
   the space 51904K,  26% used [0x00000000cd950000, 0x00000000ce6e9878, 0x00000000ce6e9a00, 0x00000000d0c00000)
 Metaspace       used 26463K, capacity 26766K, committed 27264K, reserved 1073152K
  class space    used 3336K, capacity 3425K, committed 3456K, reserved 1048576K
}

